1647076904873	geckodriver	INFO	Listening on 127.0.0.1:51820
1647076907954	mozrunner::runner	INFO	Running command: "C:\\Program Files\\Mozilla Firefox\\firefox.exe" "--marionette" "--remote-debugging-port" "51821" "-no-remote" "-profile" "C:\\Users\\ADMINI~1\\AppData\\Local\\Temp\\rust_mozprofileLU4xec"
1647076908385	Marionette	INFO	Marionette enabled
console.warn: SearchSettings: "get: No settings file exists, new profile?" (new NotFoundError("Could not open the file at C:\\Users\\Administrator\\AppData\\Local\\Temp\\rust_mozprofileLU4xec\\search.json.mozlz4", (void 0)))
DevTools listening on ws://localhost:51821/devtools/browser/ed28def2-2322-454d-850e-8a5d4cc385ba
1647076910352	Marionette	INFO	Listening on port 51826
1647076910711	RemoteAgent	WARN	TLS certificate errors will be ignored for this session
1647076940652	Marionette	INFO	Stopped listening on port 51826
console.warn: TopSitesFeed: Failed to fetch data from Contile server: NetworkError when attempting to fetch resource.

###!!! [Parent][PGPUParent] Error: RunMessage(msgname=PGPU::Msg_ShutdownVR) Channel closing: too late to send/recv, messages will be lost

1647222642522	geckodriver	INFO	Listening on 127.0.0.1:63234
1647222645882	mozrunner::runner	INFO	Running command: "C:\\Program Files\\Mozilla Firefox\\firefox.exe" "--marionette" "--remote-debugging-port" "63235" "-no-remote" "-profile" "C:\\Users\\ADMINI~1\\AppData\\Local\\Temp\\rust_mozprofile0NUloJ"
1647222646718	Marionette	INFO	Marionette enabled
console.warn: SearchSettings: "get: No settings file exists, new profile?" (new NotFoundError("Could not open the file at C:\\Users\\Administrator\\AppData\\Local\\Temp\\rust_mozprofile0NUloJ\\search.json.mozlz4", (void 0)))
DevTools listening on ws://localhost:63235/devtools/browser/7d6f8b31-9898-45aa-ac40-7a70856ad3a4
1647222649211	Marionette	INFO	Listening on port 63240
1647222649574	RemoteAgent	WARN	TLS certificate errors will be ignored for this session
JavaScript warning: https://code.jquery.com/jquery-1.10.2.min.js, line 2: Using //@ to indicate sourceMappingURL pragmas is deprecated. Use //# instead
JavaScript error: https://www.seleniumeasy.com/sites/default/files/js/js_1pwJufKjiQsl5tLfRR9NEVuVtIW5DVu-beBr8FbgvmM.js, line 10: TypeError: $(...).get(...) is undefined
1647222654520	Marionette	INFO	Stopped listening on port 63241647222657783	mozrunner::runner	INFO	Running command: "C:\\Program Files\\Mozilla Firefox\\firefox.exe" "--marionette" "--remote-debugging-port" "63310" "-no-remote" "-profile" "C:\\Users\\ADMINI~1\\AppData\\Local\\Temp\\rust_mozprofileRkgyPh"
1647222658062	Marionette	INFO	Marionette enabled
console.warn: SearchSettings: "get: No settings file exists, new profile?" (new NotFoundError("Could not open the file at C:\\Users\\Administrator\\AppData\\Local\\Temp\\rust_mozprofileRkgyPh\\search.json.mozlz4", (void 0)))
DevTools listening on ws://localhost:63310/devtools/browser/f002ad0f-d3fa-4bae-beb8-d8559d76d08f
1647222659615	Marionette	INFO	Listening on port 63319
1647222659838	RemoteAgent	WARN	TLS certificate errors will be ignored for this session
JavaScript warning: https://code.jquery.com/jquery-1.10.2.min.js, line 2: Using //@ to indicate sourceMappingURL pragmas is deprecated. Use //# instead
JavaScript error: https://www.seleniumeasy.com/sites/default/files/js/js_1pwJufKjiQsl5tLfRR9NEVuVtIW5DVu-beBr8FbgvmM.js, line 10: TypeError: $(...).get(...) is undefined
JavaScript warning: https://pagead2.googlesyndication.com/bg/sUHguJaOgo-7uJOhJ406zvaQRdrc_7oCnUaOp60Ji2o.js line 1 > eval line 2143 > eval line 1 > eval line 1 > eval, line 1: WEBGL_debug_renderer_info is deprecated in Firefox and will be removed. Please use RENDERER.
1647222821195	Marionette	INFO	Stopped listening on port 63319
console.warn: TopSitesFeed: Failed to fetch data from Contile server: NetworkError when attempting to fetch resource.

###!!! [Parent][PGPUParent] Error: RunMessage(msgname=PGPU::Msg_ShutdownVR) Channel closing: too late to send/recv, messages will be lost

tte	INFO	Marionette enabled
console.warn: SearchSettings: "get: No settings file exists, new profile?" (new NotFoundError("Could not open the file at C:\\Users\\Administrator\\AppData\\Local\\Temp\\rust_mozprofileQFhMjD\\search.json.mozlz4", (void 0)))
DevTools listening on ws://localhost:63402/devtools/browser/4911e950-7413-4b1f-9bfa-03ff0dfdfbb4
1647222695494	Marionette	INFO	Listening on port 63407
1647222695978	RemoteAgent	WARN	TLS certificate errors will be ignored for this session
1647222699918	Marionette	INFO	Stopped listening on port 63407

###!!! [Parent][PGPUParent] Error: RunMessage(msgname=PGPU::Msg_ShutdownVR) Channel closing: too late to send/recv, messages will be lost

1647222805973	geckodriver	INFO	Listening on 127.0.0.1:63516
1647222809312	mozrunner::runner	INFO	Running command: "C:\\Program Files\\Mozilla Firefox\\firefox.exe" "--marionette" "--remote-debugging-port" "63517" "-no-remote" "-profile" "C:\\Users\\ADMINI~1\\AppData\\Local\\Temp\\rust_mozprofileTTnquG"
1647222809523	Marionette	INFO	Marionette enabled
console.warn: SearchSettings: "get: No settings file exists, new profile?" (new NotFoundError("Could not open the file at C:\\Users\\Administrator\\AppData\\Local\\Temp\\rust_mozprofileTTnquG\\search.json.mozlz4", (void 0)))
DevTools listening on ws://localhost:63517/devtools/browser/6e2a2670-da06-476b-acf0-6b9bde006d66
1647222811076	Marionette	INFO	Listening on port 63522
1647222811359	RemoteAgent	WARN	TLS certificate errors will be ignored for this session
1647222818738	Marionette	INFO	Stopped listening on port 63522
console.warn: TopSitesFeed: Failed to fetch data from Contile server: NetworkError when attempting to fetch resource.

###!!! [Parent][PGPUParent] Error: RunMessage(msgname=PGPU::Msg_ShutdownVR) Channel closing: too late to send/recv, messages will be lost

1647222823110	geckodriver	INFO	Listening on 127.0.0.1:63587
1647222826446	mozrunner::runner	INFO	Running command: "C:\\Program Files\\Mozilla Firefox\\firefox.exe" "--marionette" "--remote-debugging-port" "63588" "-no-remote" "-profile" "C:\\Users\\ADMINI~1\\AppData\\Local\\Temp\\rust_mozprofileleoS52"
1647222826661	Marionette	INFO	Marionette enabled
console.warn: SearchSettings: "get: No settings file exists, new profile?" (new NotFoundError("Could not open the file at C:\\Users\\Administrator\\AppData\\Local\\Temp\\rust_mozprofileleoS52\\search.json.mozlz4", (void 0)))
DevTools listening on ws://localhost:63588/devtools/browser/ba1d4138-91af-466e-81dd-02bb1db544b7
1647222828263	Marionette	INFO	Listening on port 63594
1647222828501	RemoteAgent	WARN	TLS certificate errors will be ignored for this session
1647222844288	Marionette	INFO	Stopped listening on port 63594
console.warn: TopSitesFeed: Failed to fetch data from Contile server: NetworkError when attempting to fetch resource.

###!!! [Parent][PGPUParent] Error: RunMessage(msgname=PGPU::Msg_ShutdownVR) Channel closing: too late to send/recv, messages will be lost

